Familys-MacBook-Pro:roco Gopisuresh$ make html
Running Sphinx v1.5.2
loading pickled environment... done
building [mo]: targets for 0 po files that are out of date
building [html]: targets for 1 source files that are out of date
updating environment: 3 added, 1 changed, 0 removed
reading sources... [100%] parameterized
/Users/family/Desktop/Gopi's_Stuff/UCLA/Research/roco/roco/api/composable.py:docstring of api.composable.Composable.attach:7: WARNING: Definition list ends without a blank line; unexpected unindent.
/Users/family/Desktop/Gopi's_Stuff/UCLA/Research/roco/source/component.rst:4: WARNING: error while formatting arguments for api.component.Component.add_connection: unhashable type: 'list'
/Users/family/Desktop/Gopi's_Stuff/UCLA/Research/roco/source/component.rst:4: WARNING: error while formatting arguments for api.component.Component.add_parameter_constraint: unhashable type: 'list'
/Users/family/Desktop/Gopi's_Stuff/UCLA/Research/roco/source/component.rst:4: WARNING: error while formatting arguments for api.component.Component.attach: unhashable type: 'list'
/Users/family/Desktop/Gopi's_Stuff/UCLA/Research/roco/source/component.rst:4: WARNING: error while formatting arguments for api.component.Component.inherit_interface: unhashable type: 'list'
/Users/family/Desktop/Gopi's_Stuff/UCLA/Research/roco/source/component.rst:4: WARNING: error while formatting arguments for api.component.Component.set_subcomponent_parameter: unhashable type: 'list'
/Users/family/Desktop/Gopi's_Stuff/UCLA/Research/roco/roco/api/component.py:docstring of api.component.Component:10: WARNING: Definition list ends without a blank line; unexpected unindent.
/Users/family/Desktop/Gopi's_Stuff/UCLA/Research/roco/roco/api/component.py:docstring of api.component.Component:12: ERROR: Unexpected indentation.
/Users/family/Desktop/Gopi's_Stuff/UCLA/Research/roco/roco/api/component.py:docstring of api.component.Component.add_parameter_constraint:6: WARNING: Definition list ends without a blank line; unexpected unindent.
/Users/family/Desktop/Gopi's_Stuff/UCLA/Research/roco/roco/api/component.py:docstring of api.component.Component.define:4: WARNING: Inline strong start-string without end-string.
/Users/family/Desktop/Gopi's_Stuff/UCLA/Research/roco/roco/api/component.py:docstring of api.component.Component.inherit_interface:6: ERROR: Unexpected indentation.
/Users/family/Desktop/Gopi's_Stuff/UCLA/Research/roco/roco/api/component.py:docstring of api.component.get_subcomponent_object:4: WARNING: Inline strong start-string without end-string.
/Users/family/Desktop/Gopi's_Stuff/UCLA/Research/roco/roco/api/composable.py:docstring of api.composable.Composable:0: WARNING: duplicate object description of api.composable.Composable, other instance in /Users/family/Desktop/Gopi's_Stuff/UCLA/Research/roco/source/code.rst, use :noindex: for one of them
/Users/family/Desktop/Gopi's_Stuff/UCLA/Research/roco/roco/api/composable.py:docstring of api.composable.Composable.add_component:0: WARNING: duplicate object description of api.composable.Composable.add_component, other instance in /Users/family/Desktop/Gopi's_Stuff/UCLA/Research/roco/source/code.rst, use :noindex: for one of them
/Users/family/Desktop/Gopi's_Stuff/UCLA/Research/roco/roco/api/composable.py:docstring of api.composable.Composable.add_interface:0: WARNING: duplicate object description of api.composable.Composable.add_interface, other instance in /Users/family/Desktop/Gopi's_Stuff/UCLA/Research/roco/source/code.rst, use :noindex: for one of them
/Users/family/Desktop/Gopi's_Stuff/UCLA/Research/roco/roco/api/composable.py:docstring of api.composable.Composable.append:0: WARNING: duplicate object description of api.composable.Composable.append, other instance in /Users/family/Desktop/Gopi's_Stuff/UCLA/Research/roco/source/code.rst, use :noindex: for one of them
/Users/family/Desktop/Gopi's_Stuff/UCLA/Research/roco/roco/api/composable.py:docstring of api.composable.Composable.attach:0: WARNING: duplicate object description of api.composable.Composable.attach, other instance in /Users/family/Desktop/Gopi's_Stuff/UCLA/Research/roco/source/code.rst, use :noindex: for one of them
/Users/family/Desktop/Gopi's_Stuff/UCLA/Research/roco/roco/api/composable.py:docstring of api.composable.Composable.attach:7: WARNING: Definition list ends without a blank line; unexpected unindent.
/Users/family/Desktop/Gopi's_Stuff/UCLA/Research/roco/roco/api/composable.py:docstring of api.composable.Composable.make_output:0: WARNING: duplicate object description of api.composable.Composable.make_output, other instance in /Users/family/Desktop/Gopi's_Stuff/UCLA/Research/roco/source/code.rst, use :noindex: for one of them
/Users/family/Desktop/Gopi's_Stuff/UCLA/Research/roco/roco/api/composable.py:docstring of api.composable.Composable.new:0: WARNING: duplicate object description of api.composable.Composable.new, other instance in /Users/family/Desktop/Gopi's_Stuff/UCLA/Research/roco/source/code.rst, use :noindex: for one of them
/Users/family/Desktop/Gopi's_Stuff/UCLA/Research/roco/roco/api/parameterized.py:docstring of api.parameterized.Parameterized.add_parameter:7: ERROR: Unexpected indentation.
/Users/family/Desktop/Gopi's_Stuff/UCLA/Research/roco/roco/api/parameterized.py:docstring of api.parameterized.Parameterized.add_parameter:8: WARNING: Block quote ends without a blank line; unexpected unindent.
/Users/family/Desktop/Gopi's_Stuff/UCLA/Research/roco/roco/api/parameterized.py:docstring of api.parameterized.Parameterized.add_parameter:11: WARNING: Definition list ends without a blank line; unexpected unindent.
/Users/family/Desktop/Gopi's_Stuff/UCLA/Research/roco/roco/api/parameterized.py:docstring of api.parameterized.Parameterized.add_parameter:11: WARNING: Inline strong start-string without end-string.
/Users/family/Desktop/Gopi's_Stuff/UCLA/Research/roco/roco/api/parameterized.py:docstring of api.parameterized.Parameterized.set_parameter:6: ERROR: Unexpected indentation.
/Users/family/Desktop/Gopi's_Stuff/UCLA/Research/roco/roco/api/parameterized.py:docstring of api.parameterized.Parameterized.set_parameter:7: WARNING: Block quote ends without a blank line; unexpected unindent.
looking for now-outdated files... none found
pickling environment... done
checking consistency... done
preparing documents... done
writing output... [100%] parameterized
generating indices... genindex py-modindex
writing additional pages... search
copying static files... done
copying extra files... done
dumping search index in English (code: en) ... done
dumping object inventory... done
build succeeded, 26 warnings.